<?xml version="1.0" encoding="UTF-8"?>
<!-- Generated by org.testng.reporters.JUnitReportReporter -->
<testsuite hostname="DESKTOP-0R377NE" failures="0" tests="1" name="org.pack.Demo" time="26.161" errors="0" timestamp="04 Sep 2020 00:27:07 GMT" skipped="0">
  <testcase classname="org.pack.Demo" name="tc1" time="26.161"/>
</testsuite> <!-- org.pack.Demo -->
